
> easytess-frontend@0.0.0 start
> ng serve

[baseline-browser-mapping] The data in this module is over two months old.  To ensure accurate Baseline data, please update: `npm i baseline-browser-mapping@latest -D`
Component HMR has been enabled, see https://angular.dev/hmr for more info.
[33mÔØ»[39m Building...
[32mÔ£ö[39m Building...
[1mInitial chunk files[22m[2m | [22m[1mNames[22m        [2m | [22m [1mRaw size[22m
[32mmain.js[39m            [2m | [22m[2mmain[22m         [2m | [22m[36m379.03 kB[39m[2m | [22m
[32mpolyfills.js[39m       [2m | [22m[2mpolyfills[22m    [2m | [22m [36m89.77 kB[39m[2m | [22m
[32mstyles.css[39m         [2m | [22m[2mstyles[22m       [2m | [22m  [36m2.14 kB[39m[2m | [22m

[1m [22m                  [2m | [22m[1mInitial total[22m[2m | [22m[1m470.93 kB[22m

Application bundle generation complete. [2.317 seconds]

Ôû▓ [WARNING] NG8107: The left side of this optional chain operation does not include 'null' or 'undefined' in its type, therefore the '?.' operator can be replaced with the '.' operator. [plugin angular-compiler]

    src/app/components/document-extractor.component.html:150:67:
      150 Ôöé ...ss="stat-badge format">{{ resultFormat()?.toUpperCase() }}</span>
          ÔòÁ                                              ~~~~~~~~~~~

  Error occurs in the template of component DocumentExtractorComponent.

    src/app/components/document-extractor.component.ts:15:17:
      15 Ôöé     templateUrl: './document-extractor.component.html',
         ÔòÁ                  ~~~~~~~~~~~~~~~~~~~~~~~~~~~~~~~~~~~~~


Watch mode enabled. Watching for file changes...
NOTE: Raw file sizes do not reflect development server per-request transformations.
  [32mÔ×£[39m  [1mLocal[22m:   [36mhttp://localhost:[1m4200[22m/[39m
[2m[32m  Ô×£[39m[22m[2m  press [22m[1mh + enter[22m[2m to show help[22m
